[22-Nov-2019 23:37:05 UTC] PHP Warning:  Use of undefined constant the_title - assumed 'the_title' (this will throw an Error in a future version of PHP) in C:\Users\solid\Local Sites\wordpress-template\app\public\wp-content\themes\wordpresstemplate\index.php on line 4
[22-Nov-2019 23:37:05 UTC] PHP Stack trace:
[22-Nov-2019 23:37:05 UTC] PHP   1. {main}() C:\Users\solid\Local Sites\wordpress-template\app\public\index.php:0
[22-Nov-2019 23:37:05 UTC] PHP   2. require() C:\Users\solid\Local Sites\wordpress-template\app\public\index.php:17
[22-Nov-2019 23:37:05 UTC] PHP   3. require_once() C:\Users\solid\Local Sites\wordpress-template\app\public\wp-blog-header.php:19
[22-Nov-2019 23:37:05 UTC] PHP   4. include() C:\Users\solid\Local Sites\wordpress-template\app\public\wp-includes\template-loader.php:98
[22-Nov-2019 23:37:05 UTC] PHP Warning:  Use of undefined constant the_title - assumed 'the_title' (this will throw an Error in a future version of PHP) in C:\Users\solid\Local Sites\wordpress-template\app\public\wp-content\themes\wordpresstemplate\index.php on line 4
[22-Nov-2019 23:37:05 UTC] PHP Stack trace:
[22-Nov-2019 23:37:05 UTC] PHP   1. {main}() C:\Users\solid\Local Sites\wordpress-template\app\public\index.php:0
[22-Nov-2019 23:37:05 UTC] PHP   2. require() C:\Users\solid\Local Sites\wordpress-template\app\public\index.php:17
[22-Nov-2019 23:37:05 UTC] PHP   3. require_once() C:\Users\solid\Local Sites\wordpress-template\app\public\wp-blog-header.php:19
[22-Nov-2019 23:37:05 UTC] PHP   4. include() C:\Users\solid\Local Sites\wordpress-template\app\public\wp-includes\template-loader.php:98
[22-Nov-2019 23:37:05 UTC] PHP Warning:  Use of undefined constant the_title - assumed 'the_title' (this will throw an Error in a future version of PHP) in C:\Users\solid\Local Sites\wordpress-template\app\public\wp-content\themes\wordpresstemplate\index.php on line 4
[22-Nov-2019 23:37:05 UTC] PHP Stack trace:
[22-Nov-2019 23:37:05 UTC] PHP   1. {main}() C:\Users\solid\Local Sites\wordpress-template\app\public\index.php:0
[22-Nov-2019 23:37:05 UTC] PHP   2. require() C:\Users\solid\Local Sites\wordpress-template\app\public\index.php:17
[22-Nov-2019 23:37:05 UTC] PHP   3. require_once() C:\Users\solid\Local Sites\wordpress-template\app\public\wp-blog-header.php:19
[22-Nov-2019 23:37:05 UTC] PHP   4. include() C:\Users\solid\Local Sites\wordpress-template\app\public\wp-includes\template-loader.php:98
[23-Nov-2019 15:57:15 UTC] PHP Fatal error:  Uncaught ArgumentCountError: Too few arguments to function add_action(), 0 passed in C:\Users\solid\Local Sites\wordpress-template\app\public\wp-content\themes\wordpresstemplate\functions.php on line 2 and at least 2 expected in C:\Users\solid\Local Sites\wordpress-template\app\public\wp-includes\plugin.php:403
Stack trace:
#0 C:\Users\solid\Local Sites\wordpress-template\app\public\wp-content\themes\wordpresstemplate\functions.php(2): add_action()
#1 C:\Users\solid\Local Sites\wordpress-template\app\public\wp-settings.php(497): include('C:\\Users\\solid\\...')
#2 C:\Users\solid\Local Sites\wordpress-template\app\public\wp-config.php(77): require_once('C:\\Users\\solid\\...')
#3 C:\Users\solid\Local Sites\wordpress-template\app\public\wp-load.php(37): require_once('C:\\Users\\solid\\...')
#4 C:\Users\solid\Local Sites\wordpress-template\app\public\wp-admin\admin-ajax.php(22): require_once('C:\\Users\\solid\\...')
#5 {main}
  thrown in C:\Users\solid\Local Sites\wordpress-template\app\public\wp-includes\plugin.php on line 403
[23-Nov-2019 15:59:16 UTC] PHP Fatal error:  Uncaught ArgumentCountError: Too few arguments to function add_action(), 0 passed in C:\Users\solid\Local Sites\wordpress-template\app\public\wp-content\themes\wordpresstemplate\functions.php on line 2 and at least 2 expected in C:\Users\solid\Local Sites\wordpress-template\app\public\wp-includes\plugin.php:403
Stack trace:
#0 C:\Users\solid\Local Sites\wordpress-template\app\public\wp-content\themes\wordpresstemplate\functions.php(2): add_action()
#1 C:\Users\solid\Local Sites\wordpress-template\app\public\wp-settings.php(497): include('C:\\Users\\solid\\...')
#2 C:\Users\solid\Local Sites\wordpress-template\app\public\wp-config.php(77): require_once('C:\\Users\\solid\\...')
#3 C:\Users\solid\Local Sites\wordpress-template\app\public\wp-load.php(37): require_once('C:\\Users\\solid\\...')
#4 C:\Users\solid\Local Sites\wordpress-template\app\public\wp-admin\admin-ajax.php(22): require_once('C:\\Users\\solid\\...')
#5 {main}
  thrown in C:\Users\solid\Local Sites\wordpress-template\app\public\wp-includes\plugin.php on line 403
[23-Nov-2019 16:01:17 UTC] PHP Fatal error:  Uncaught ArgumentCountError: Too few arguments to function add_action(), 0 passed in C:\Users\solid\Local Sites\wordpress-template\app\public\wp-content\themes\wordpresstemplate\functions.php on line 2 and at least 2 expected in C:\Users\solid\Local Sites\wordpress-template\app\public\wp-includes\plugin.php:403
Stack trace:
#0 C:\Users\solid\Local Sites\wordpress-template\app\public\wp-content\themes\wordpresstemplate\functions.php(2): add_action()
#1 C:\Users\solid\Local Sites\wordpress-template\app\public\wp-settings.php(497): include('C:\\Users\\solid\\...')
#2 C:\Users\solid\Local Sites\wordpress-template\app\public\wp-config.php(77): require_once('C:\\Users\\solid\\...')
#3 C:\Users\solid\Local Sites\wordpress-template\app\public\wp-load.php(37): require_once('C:\\Users\\solid\\...')
#4 C:\Users\solid\Local Sites\wordpress-template\app\public\wp-admin\admin-ajax.php(22): require_once('C:\\Users\\solid\\...')
#5 {main}
  thrown in C:\Users\solid\Local Sites\wordpress-template\app\public\wp-includes\plugin.php on line 403
[23-Nov-2019 16:55:01 UTC] PHP Fatal error:  Uncaught ArgumentCountError: Too few arguments to function add_action(), 0 passed in C:\Users\solid\Local Sites\wordpress-template\app\public\wp-content\themes\wordpresstemplate\functions.php on line 2 and at least 2 expected in C:\Users\solid\Local Sites\wordpress-template\app\public\wp-includes\plugin.php:403
Stack trace:
#0 C:\Users\solid\Local Sites\wordpress-template\app\public\wp-content\themes\wordpresstemplate\functions.php(2): add_action()
#1 C:\Users\solid\Local Sites\wordpress-template\app\public\wp-settings.php(497): include('C:\\Users\\solid\\...')
#2 C:\Users\solid\Local Sites\wordpress-template\app\public\wp-config.php(77): require_once('C:\\Users\\solid\\...')
#3 C:\Users\solid\Local Sites\wordpress-template\app\public\wp-load.php(37): require_once('C:\\Users\\solid\\...')
#4 C:\Users\solid\Local Sites\wordpress-template\app\public\wp-admin\admin-ajax.php(22): require_once('C:\\Users\\solid\\...')
#5 {main}
  thrown in C:\Users\solid\Local Sites\wordpress-template\app\public\wp-includes\plugin.php on line 403
[23-Nov-2019 16:55:02 UTC] PHP Fatal error:  Uncaught ArgumentCountError: Too few arguments to function add_action(), 0 passed in C:\Users\solid\Local Sites\wordpress-template\app\public\wp-content\themes\wordpresstemplate\functions.php on line 2 and at least 2 expected in C:\Users\solid\Local Sites\wordpress-template\app\public\wp-includes\plugin.php:403
Stack trace:
#0 C:\Users\solid\Local Sites\wordpress-template\app\public\wp-content\themes\wordpresstemplate\functions.php(2): add_action()
#1 C:\Users\solid\Local Sites\wordpress-template\app\public\wp-settings.php(497): include('C:\\Users\\solid\\...')
#2 C:\Users\solid\Local Sites\wordpress-template\app\public\wp-config.php(77): require_once('C:\\Users\\solid\\...')
#3 C:\Users\solid\Local Sites\wordpress-template\app\public\wp-load.php(37): require_once('C:\\Users\\solid\\...')
#4 C:\Users\solid\Local Sites\wordpress-template\app\public\wp-admin\admin-ajax.php(22): require_once('C:\\Users\\solid\\...')
#5 {main}
  thrown in C:\Users\solid\Local Sites\wordpress-template\app\public\wp-includes\plugin.php on line 403
[02-Dec-2019 16:06:02 UTC] PHP Fatal error:  Uncaught ArgumentCountError: Too few arguments to function add_action(), 0 passed in C:\Users\solid\Local Sites\wordpress-template\app\public\wp-content\themes\wordpresstemplate\functions.php on line 2 and at least 2 expected in C:\Users\solid\Local Sites\wordpress-template\app\public\wp-includes\plugin.php:403
Stack trace:
#0 C:\Users\solid\Local Sites\wordpress-template\app\public\wp-content\themes\wordpresstemplate\functions.php(2): add_action()
#1 C:\Users\solid\Local Sites\wordpress-template\app\public\wp-settings.php(497): include('C:\\Users\\solid\\...')
#2 phar://C:/Users/solid/AppData/Local/Programs/Local/resources/extraResources/site-binaries-win32/wp-cli/wp-cli.phar/vendor/wp-cli/wp-cli/php/WP_CLI/Runner.php(1209): require('C:\\Users\\solid\\...')
#3 phar://C:/Users/solid/AppData/Local/Programs/Local/resources/extraResources/site-binaries-win32/wp-cli/wp-cli.phar/vendor/wp-cli/wp-cli/php/WP_CLI/Runner.php(1130): WP_CLI\Runner->load_wordpress()
#4 phar://C:/Users/solid/AppData/Local/Programs/Local/r in C:\Users\solid\Local Sites\wordpress-template\app\public\wp-includes\plugin.php on line 403
[02-Dec-2019 20:02:05 UTC] PHP Warning:  call_user_func_array() expects parameter 1 to be a valid callback, function 'university_features' not found or invalid function name in C:\Users\solid\Local Sites\wordpress-template\app\public\wp-includes\class-wp-hook.php on line 288
[02-Dec-2019 20:02:05 UTC] PHP Stack trace:
[02-Dec-2019 20:02:05 UTC] PHP   1. {main}() C:\Users\solid\Local Sites\wordpress-template\app\public\wp-admin\admin-ajax.php:0
[02-Dec-2019 20:02:05 UTC] PHP   2. require_once() C:\Users\solid\Local Sites\wordpress-template\app\public\wp-admin\admin-ajax.php:22
[02-Dec-2019 20:02:05 UTC] PHP   3. require_once() C:\Users\solid\Local Sites\wordpress-template\app\public\wp-load.php:37
[02-Dec-2019 20:02:05 UTC] PHP   4. require_once() C:\Users\solid\Local Sites\wordpress-template\app\public\wp-config.php:77
[02-Dec-2019 20:02:05 UTC] PHP   5. do_action() C:\Users\solid\Local Sites\wordpress-template\app\public\wp-settings.php:507
[02-Dec-2019 20:02:05 UTC] PHP   6. WP_Hook->do_action() C:\Users\solid\Local Sites\wordpress-template\app\public\wp-includes\plugin.php:478
[02-Dec-2019 20:02:05 UTC] PHP   7. WP_Hook->apply_filters() C:\Users\solid\Local Sites\wordpress-template\app\public\wp-includes\class-wp-hook.php:312
[02-Dec-2019 20:36:32 UTC] PHP Fatal error:  Uncaught ArgumentCountError: Too few arguments to function wp_get_post_parent_id(), 0 passed in C:\Users\solid\Local Sites\wordpress-template\app\public\wp-content\themes\wordpresstemplate\page.php on line 18 and exactly 1 expected in C:\Users\solid\Local Sites\wordpress-template\app\public\wp-includes\post.php:6827
Stack trace:
#0 C:\Users\solid\Local Sites\wordpress-template\app\public\wp-content\themes\wordpresstemplate\page.php(18): wp_get_post_parent_id()
#1 C:\Users\solid\Local Sites\wordpress-template\app\public\wp-includes\template-loader.php(98): include('C:\\Users\\solid\\...')
#2 C:\Users\solid\Local Sites\wordpress-template\app\public\wp-blog-header.php(19): require_once('C:\\Users\\solid\\...')
#3 C:\Users\solid\Local Sites\wordpress-template\app\public\index.php(17): require('C:\\Users\\solid\\...')
#4 {main}
  thrown in C:\Users\solid\Local Sites\wordpress-template\app\public\wp-includes\post.php on line 6827
[02-Dec-2019 20:44:01 UTC] PHP Warning:  Use of undefined constant x - assumed 'x' (this will throw an Error in a future version of PHP) in C:\Users\solid\Local Sites\wordpress-template\app\public\wp-content\themes\wordpresstemplate\page.php on line 20
[02-Dec-2019 20:44:01 UTC] PHP Stack trace:
[02-Dec-2019 20:44:01 UTC] PHP   1. {main}() C:\Users\solid\Local Sites\wordpress-template\app\public\index.php:0
[02-Dec-2019 20:44:01 UTC] PHP   2. require() C:\Users\solid\Local Sites\wordpress-template\app\public\index.php:17
[02-Dec-2019 20:44:01 UTC] PHP   3. require_once() C:\Users\solid\Local Sites\wordpress-template\app\public\wp-blog-header.php:19
[02-Dec-2019 20:44:01 UTC] PHP   4. include() C:\Users\solid\Local Sites\wordpress-template\app\public\wp-includes\template-loader.php:98
[03-Dec-2019 16:57:22 UTC] PHP Parse error:  syntax error, unexpected ')', expecting ',' or ';' in C:\Users\solid\Local Sites\wordpress-template\app\public\wp-content\themes\wordpresstemplate\page.php on line 28
[03-Dec-2019 21:03:14 UTC] PHP Fatal error:  Uncaught Error: Call to undefined function the_category_list() in C:\Users\solid\Local Sites\wordpress-template\app\public\wp-content\themes\wordpresstemplate\index.php:20
Stack trace:
#0 C:\Users\solid\Local Sites\wordpress-template\app\public\wp-includes\template-loader.php(98): include()
#1 C:\Users\solid\Local Sites\wordpress-template\app\public\wp-blog-header.php(19): require_once('C:\\Users\\solid\\...')
#2 C:\Users\solid\Local Sites\wordpress-template\app\public\index.php(17): require('C:\\Users\\solid\\...')
#3 {main}
  thrown in C:\Users\solid\Local Sites\wordpress-template\app\public\wp-content\themes\wordpresstemplate\index.php on line 20
[04-Dec-2019 20:12:28 UTC] PHP Warning:  call_user_func_array() expects parameter 1 to be a valid callback, function 'university_post_types' not found or invalid function name in C:\Users\solid\Local Sites\wordpress-template\app\public\wp-includes\class-wp-hook.php on line 288
[04-Dec-2019 20:12:28 UTC] PHP Stack trace:
[04-Dec-2019 20:12:28 UTC] PHP   1. {main}() C:\Users\solid\Local Sites\wordpress-template\app\public\wp-admin\edit.php:0
[04-Dec-2019 20:12:28 UTC] PHP   2. require_once() C:\Users\solid\Local Sites\wordpress-template\app\public\wp-admin\edit.php:10
[04-Dec-2019 20:12:28 UTC] PHP   3. require_once() C:\Users\solid\Local Sites\wordpress-template\app\public\wp-admin\admin.php:34
[04-Dec-2019 20:12:28 UTC] PHP   4. require_once() C:\Users\solid\Local Sites\wordpress-template\app\public\wp-load.php:37
[04-Dec-2019 20:12:28 UTC] PHP   5. require_once() C:\Users\solid\Local Sites\wordpress-template\app\public\wp-config.php:77
[04-Dec-2019 20:12:28 UTC] PHP   6. do_action() C:\Users\solid\Local Sites\wordpress-template\app\public\wp-settings.php:523
[04-Dec-2019 20:12:28 UTC] PHP   7. WP_Hook->do_action() C:\Users\solid\Local Sites\wordpress-template\app\public\wp-includes\plugin.php:478
[04-Dec-2019 20:12:28 UTC] PHP   8. WP_Hook->apply_filters() C:\Users\solid\Local Sites\wordpress-template\app\public\wp-includes\class-wp-hook.php:312
[04-Dec-2019 20:12:29 UTC] PHP Warning:  call_user_func_array() expects parameter 1 to be a valid callback, function 'university_post_types' not found or invalid function name in C:\Users\solid\Local Sites\wordpress-template\app\public\wp-includes\class-wp-hook.php on line 288
[04-Dec-2019 20:12:29 UTC] PHP Stack trace:
[04-Dec-2019 20:12:29 UTC] PHP   1. {main}() C:\Users\solid\Local Sites\wordpress-template\app\public\index.php:0
[04-Dec-2019 20:12:29 UTC] PHP   2. require() C:\Users\solid\Local Sites\wordpress-template\app\public\index.php:17
[04-Dec-2019 20:12:29 UTC] PHP   3. require_once() C:\Users\solid\Local Sites\wordpress-template\app\public\wp-blog-header.php:13
[04-Dec-2019 20:12:29 UTC] PHP   4. require_once() C:\Users\solid\Local Sites\wordpress-template\app\public\wp-load.php:37
[04-Dec-2019 20:12:29 UTC] PHP   5. require_once() C:\Users\solid\Local Sites\wordpress-template\app\public\wp-config.php:77
[04-Dec-2019 20:12:29 UTC] PHP   6. do_action() C:\Users\solid\Local Sites\wordpress-template\app\public\wp-settings.php:523
[04-Dec-2019 20:12:29 UTC] PHP   7. WP_Hook->do_action() C:\Users\solid\Local Sites\wordpress-template\app\public\wp-includes\plugin.php:478
[04-Dec-2019 20:12:29 UTC] PHP   8. WP_Hook->apply_filters() C:\Users\solid\Local Sites\wordpress-template\app\public\wp-includes\class-wp-hook.php:312
[04-Dec-2019 20:12:29 UTC] PHP Warning:  call_user_func_array() expects parameter 1 to be a valid callback, function 'university_post_types' not found or invalid function name in C:\Users\solid\Local Sites\wordpress-template\app\public\wp-includes\class-wp-hook.php on line 288
[04-Dec-2019 20:12:29 UTC] PHP Stack trace:
[04-Dec-2019 20:12:29 UTC] PHP   1. {main}() C:\Users\solid\Local Sites\wordpress-template\app\public\wp-admin\admin-ajax.php:0
[04-Dec-2019 20:12:29 UTC] PHP   2. require_once() C:\Users\solid\Local Sites\wordpress-template\app\public\wp-admin\admin-ajax.php:22
[04-Dec-2019 20:12:29 UTC] PHP   3. require_once() C:\Users\solid\Local Sites\wordpress-template\app\public\wp-load.php:37
[04-Dec-2019 20:12:29 UTC] PHP   4. require_once() C:\Users\solid\Local Sites\wordpress-template\app\public\wp-config.php:77
[04-Dec-2019 20:12:29 UTC] PHP   5. do_action() C:\Users\solid\Local Sites\wordpress-template\app\public\wp-settings.php:523
[04-Dec-2019 20:12:29 UTC] PHP   6. WP_Hook->do_action() C:\Users\solid\Local Sites\wordpress-template\app\public\wp-includes\plugin.php:478
[04-Dec-2019 20:12:29 UTC] PHP   7. WP_Hook->apply_filters() C:\Users\solid\Local Sites\wordpress-template\app\public\wp-includes\class-wp-hook.php:312
[04-Dec-2019 20:12:44 UTC] PHP Warning:  call_user_func_array() expects parameter 1 to be a valid callback, function 'university_post_types' not found or invalid function name in C:\Users\solid\Local Sites\wordpress-template\app\public\wp-includes\class-wp-hook.php on line 288
[04-Dec-2019 20:12:44 UTC] PHP Stack trace:
[04-Dec-2019 20:12:44 UTC] PHP   1. {main}() C:\Users\solid\Local Sites\wordpress-template\app\public\wp-admin\admin-ajax.php:0
[04-Dec-2019 20:12:44 UTC] PHP   2. require_once() C:\Users\solid\Local Sites\wordpress-template\app\public\wp-admin\admin-ajax.php:22
[04-Dec-2019 20:12:44 UTC] PHP   3. require_once() C:\Users\solid\Local Sites\wordpress-template\app\public\wp-load.php:37
[04-Dec-2019 20:12:44 UTC] PHP   4. require_once() C:\Users\solid\Local Sites\wordpress-template\app\public\wp-config.php:77
[04-Dec-2019 20:12:44 UTC] PHP   5. do_action() C:\Users\solid\Local Sites\wordpress-template\app\public\wp-settings.php:523
[04-Dec-2019 20:12:44 UTC] PHP   6. WP_Hook->do_action() C:\Users\solid\Local Sites\wordpress-template\app\public\wp-includes\plugin.php:478
[04-Dec-2019 20:12:44 UTC] PHP   7. WP_Hook->apply_filters() C:\Users\solid\Local Sites\wordpress-template\app\public\wp-includes\class-wp-hook.php:312
[06-Dec-2019 16:55:53 UTC] PHP Parse error:  syntax error, unexpected ';', expecting ')' in C:\Users\solid\Local Sites\wordpress-template\app\public\wp-content\themes\wordpresstemplate\front-page.php on line 22
[06-Dec-2019 16:59:59 UTC] PHP Fatal error:  Uncaught Exception: DateTime::__construct(): Failed to parse time string (19/09/2020) at position 0 (1): Unexpected character in C:\Users\solid\Local Sites\wordpress-template\app\public\wp-content\themes\wordpresstemplate\front-page.php:31
Stack trace:
#0 C:\Users\solid\Local Sites\wordpress-template\app\public\wp-content\themes\wordpresstemplate\front-page.php(31): DateTime->__construct('19/09/2020')
#1 C:\Users\solid\Local Sites\wordpress-template\app\public\wp-includes\template-loader.php(98): include('C:\\Users\\solid\\...')
#2 C:\Users\solid\Local Sites\wordpress-template\app\public\wp-blog-header.php(19): require_once('C:\\Users\\solid\\...')
#3 C:\Users\solid\Local Sites\wordpress-template\app\public\index.php(17): require('C:\\Users\\solid\\...')
#4 {main}
  thrown in C:\Users\solid\Local Sites\wordpress-template\app\public\wp-content\themes\wordpresstemplate\front-page.php on line 31
[06-Dec-2019 17:00:23 UTC] PHP Fatal error:  Uncaught Exception: DateTime::__construct(): Failed to parse time string (19/09/2020) at position 0 (1): Unexpected character in C:\Users\solid\Local Sites\wordpress-template\app\public\wp-content\themes\wordpresstemplate\front-page.php:31
Stack trace:
#0 C:\Users\solid\Local Sites\wordpress-template\app\public\wp-content\themes\wordpresstemplate\front-page.php(31): DateTime->__construct('19/09/2020')
#1 C:\Users\solid\Local Sites\wordpress-template\app\public\wp-includes\template-loader.php(98): include('C:\\Users\\solid\\...')
#2 C:\Users\solid\Local Sites\wordpress-template\app\public\wp-blog-header.php(19): require_once('C:\\Users\\solid\\...')
#3 C:\Users\solid\Local Sites\wordpress-template\app\public\index.php(17): require('C:\\Users\\solid\\...')
#4 {main}
  thrown in C:\Users\solid\Local Sites\wordpress-template\app\public\wp-content\themes\wordpresstemplate\front-page.php on line 31
[06-Dec-2019 17:00:50 UTC] PHP Fatal error:  Uncaught Exception: DateTime::__construct(): Failed to parse time string (25/09/2020) at position 0 (2): Unexpected character in C:\Users\solid\Local Sites\wordpress-template\app\public\wp-content\themes\wordpresstemplate\front-page.php:31
Stack trace:
#0 C:\Users\solid\Local Sites\wordpress-template\app\public\wp-content\themes\wordpresstemplate\front-page.php(31): DateTime->__construct('25/09/2020')
#1 C:\Users\solid\Local Sites\wordpress-template\app\public\wp-includes\template-loader.php(98): include('C:\\Users\\solid\\...')
#2 C:\Users\solid\Local Sites\wordpress-template\app\public\wp-blog-header.php(19): require_once('C:\\Users\\solid\\...')
#3 C:\Users\solid\Local Sites\wordpress-template\app\public\index.php(17): require('C:\\Users\\solid\\...')
#4 {main}
  thrown in C:\Users\solid\Local Sites\wordpress-template\app\public\wp-content\themes\wordpresstemplate\front-page.php on line 31
[06-Dec-2019 17:00:59 UTC] PHP Fatal error:  Uncaught Exception: DateTime::__construct(): Failed to parse time string (25/09/2020) at position 0 (2): Unexpected character in C:\Users\solid\Local Sites\wordpress-template\app\public\wp-content\themes\wordpresstemplate\front-page.php:31
Stack trace:
#0 C:\Users\solid\Local Sites\wordpress-template\app\public\wp-content\themes\wordpresstemplate\front-page.php(31): DateTime->__construct('25/09/2020')
#1 C:\Users\solid\Local Sites\wordpress-template\app\public\wp-includes\template-loader.php(98): include('C:\\Users\\solid\\...')
#2 C:\Users\solid\Local Sites\wordpress-template\app\public\wp-blog-header.php(19): require_once('C:\\Users\\solid\\...')
#3 C:\Users\solid\Local Sites\wordpress-template\app\public\index.php(17): require('C:\\Users\\solid\\...')
#4 {main}
  thrown in C:\Users\solid\Local Sites\wordpress-template\app\public\wp-content\themes\wordpresstemplate\front-page.php on line 31
[06-Dec-2019 18:24:04 UTC] PHP Warning:  call_user_func_array() expects parameter 1 to be a valid callback, function 'university_adjust_queries' not found or invalid function name in C:\Users\solid\Local Sites\wordpress-template\app\public\wp-includes\class-wp-hook.php on line 288
[06-Dec-2019 18:24:04 UTC] PHP Stack trace:
[06-Dec-2019 18:24:04 UTC] PHP   1. {main}() C:\Users\solid\Local Sites\wordpress-template\app\public\index.php:0
[06-Dec-2019 18:24:04 UTC] PHP   2. require() C:\Users\solid\Local Sites\wordpress-template\app\public\index.php:17
[06-Dec-2019 18:24:04 UTC] PHP   3. wp() C:\Users\solid\Local Sites\wordpress-template\app\public\wp-blog-header.php:16
[06-Dec-2019 18:24:04 UTC] PHP   4. WP->main() C:\Users\solid\Local Sites\wordpress-template\app\public\wp-includes\functions.php:1250
[06-Dec-2019 18:24:04 UTC] PHP   5. WP->query_posts() C:\Users\solid\Local Sites\wordpress-template\app\public\wp-includes\class-wp.php:731
[06-Dec-2019 18:24:04 UTC] PHP   6. WP_Query->query() C:\Users\solid\Local Sites\wordpress-template\app\public\wp-includes\class-wp.php:614
[06-Dec-2019 18:24:04 UTC] PHP   7. WP_Query->get_posts() C:\Users\solid\Local Sites\wordpress-template\app\public\wp-includes\class-wp-query.php:3413
[06-Dec-2019 18:24:04 UTC] PHP   8. do_action_ref_array() C:\Users\solid\Local Sites\wordpress-template\app\public\wp-includes\class-wp-query.php:1757
[06-Dec-2019 18:24:04 UTC] PHP   9. WP_Hook->do_action() C:\Users\solid\Local Sites\wordpress-template\app\public\wp-includes\plugin.php:544
[06-Dec-2019 18:24:04 UTC] PHP  10. WP_Hook->apply_filters() C:\Users\solid\Local Sites\wordpress-template\app\public\wp-includes\class-wp-hook.php:312
[06-Dec-2019 18:24:04 UTC] PHP Warning:  call_user_func_array() expects parameter 1 to be a valid callback, function 'university_adjust_queries' not found or invalid function name in C:\Users\solid\Local Sites\wordpress-template\app\public\wp-includes\class-wp-hook.php on line 288
[06-Dec-2019 18:24:04 UTC] PHP Stack trace:
[06-Dec-2019 18:24:04 UTC] PHP   1. {main}() C:\Users\solid\Local Sites\wordpress-template\app\public\wp-admin\post.php:0
[06-Dec-2019 18:24:04 UTC] PHP   2. include() C:\Users\solid\Local Sites\wordpress-template\app\public\wp-admin\post.php:198
[06-Dec-2019 18:24:04 UTC] PHP Warning:  call_user_func_array() expects parameter 1 to be a valid callback, function 'university_adjust_queries' not found or invalid function name in C:\Users\solid\Local Sites\wordpress-template\app\public\wp-includes\class-wp-hook.php on line 288
[06-Dec-2019 18:24:04 UTC] PHP   3. wp_get_post_autosave() C:\Users\solid\Local Sites\wordpress-template\app\public\wp-admin\edit-form-advanced.php:238
[06-Dec-2019 18:24:04 UTC] PHP Stack trace:
[06-Dec-2019 18:24:04 UTC] PHP   4. wp_get_post_revisions() C:\Users\solid\Local Sites\wordpress-template\app\public\wp-includes\revision.php:235
[06-Dec-2019 18:24:04 UTC] PHP   1. {main}() C:\Users\solid\Local Sites\wordpress-template\app\public\index.php:0
[06-Dec-2019 18:24:04 UTC] PHP   5. get_children() C:\Users\solid\Local Sites\wordpress-template\app\public\wp-includes\revision.php:492
[06-Dec-2019 18:24:04 UTC] PHP   2. require() C:\Users\solid\Local Sites\wordpress-template\app\public\index.php:17
[06-Dec-2019 18:24:04 UTC] PHP   6. get_posts() C:\Users\solid\Local Sites\wordpress-template\app\public\wp-includes\post.php:661
[06-Dec-2019 18:24:04 UTC] PHP   3. require_once() C:\Users\solid\Local Sites\wordpress-template\app\public\wp-blog-header.php:19
[06-Dec-2019 18:24:04 UTC] PHP   7. WP_Query->query() C:\Users\solid\Local Sites\wordpress-template\app\public\wp-includes\post.php:2039
[06-Dec-2019 18:24:04 UTC] PHP   4. include() C:\Users\solid\Local Sites\wordpress-template\app\public\wp-includes\template-loader.php:98
[06-Dec-2019 18:24:04 UTC] PHP   8. WP_Query->get_posts() C:\Users\solid\Local Sites\wordpress-template\app\public\wp-includes\class-wp-query.php:3413
[06-Dec-2019 18:24:04 UTC] PHP   5. get_field() C:\Users\solid\Local Sites\wordpress-template\app\public\wp-content\themes\wordpresstemplate\archive-event.php:21
[06-Dec-2019 18:24:04 UTC] PHP   9. do_action_ref_array() C:\Users\solid\Local Sites\wordpress-template\app\public\wp-includes\class-wp-query.php:1757
[06-Dec-2019 18:24:04 UTC] PHP   6. acf_maybe_get_field() C:\Users\solid\Local Sites\wordpress-template\app\public\wp-content\plugins\advanced-custom-fields\includes\api\api-template.php:27
[06-Dec-2019 18:24:04 UTC] PHP  10. WP_Hook->do_action() C:\Users\solid\Local Sites\wordpress-template\app\public\wp-includes\plugin.php:544
[06-Dec-2019 18:24:04 UTC] PHP   7. acf_get_meta_field() C:\Users\solid\Local Sites\wordpress-template\app\public\wp-content\plugins\advanced-custom-fields\includes\api\api-template.php:177
[06-Dec-2019 18:24:04 UTC] PHP  11. WP_Hook->apply_filters() C:\Users\solid\Local Sites\wordpress-template\app\public\wp-includes\class-wp-hook.php:312
[06-Dec-2019 18:24:04 UTC] PHP   8. acf_get_field() C:\Users\solid\Local Sites\wordpress-template\app\public\wp-content\plugins\advanced-custom-fields\includes\acf-meta-functions.php:366
[06-Dec-2019 18:24:04 UTC] PHP   9. acf_get_raw_field() C:\Users\solid\Local Sites\wordpress-template\app\public\wp-content\plugins\advanced-custom-fields\includes\acf-field-functions.php:36
[06-Dec-2019 18:24:04 UTC] PHP  10. acf_get_field_post() C:\Users\solid\Local Sites\wordpress-template\app\public\wp-content\plugins\advanced-custom-fields\includes\acf-field-functions.php:85
[06-Dec-2019 18:24:04 UTC] PHP  11. get_posts() C:\Users\solid\Local Sites\wordpress-template\app\public\wp-content\plugins\advanced-custom-fields\includes\acf-field-functions.php:148
[06-Dec-2019 18:24:04 UTC] PHP Warning:  call_user_func_array() expects parameter 1 to be a valid callback, function 'university_adjust_queries' not found or invalid function name in C:\Users\solid\Local Sites\wordpress-template\app\public\wp-includes\class-wp-hook.php on line 288
[06-Dec-2019 18:24:04 UTC] PHP  12. WP_Query->query() C:\Users\solid\Local Sites\wordpress-template\app\public\wp-includes\post.php:2039
[06-Dec-2019 18:24:04 UTC] PHP Stack trace:
[06-Dec-2019 18:24:04 UTC] PHP  13. WP_Query->get_posts() C:\Users\solid\Local Sites\wordpress-template\app\public\wp-includes\class-wp-query.php:3413
[06-Dec-2019 18:24:04 UTC] PHP   1. {main}() C:\Users\solid\Local Sites\wordpress-template\app\public\wp-admin\post.php:0
[06-Dec-2019 18:24:04 UTC] PHP  14. do_action_ref_array() C:\Users\solid\Local Sites\wordpress-template\app\public\wp-includes\class-wp-query.php:1757
[06-Dec-2019 18:24:04 UTC] PHP   2. include() C:\Users\solid\Local Sites\wordpress-template\app\public\wp-admin\post.php:198
[06-Dec-2019 18:24:04 UTC] PHP  15. WP_Hook->do_action() C:\Users\solid\Local Sites\wordpress-template\app\public\wp-includes\plugin.php:544
[06-Dec-2019 18:24:04 UTC] PHP   3. register_and_do_post_meta_boxes() C:\Users\solid\Local Sites\wordpress-template\app\public\wp-admin\edit-form-advanced.php:269
[06-Dec-2019 18:24:04 UTC] PHP  16. WP_Hook->apply_filters() C:\Users\solid\Local Sites\wordpress-template\app\public\wp-includes\class-wp-hook.php:312
[06-Dec-2019 18:24:04 UTC] PHP   4. do_action() C:\Users\solid\Local Sites\wordpress-template\app\public\wp-admin\includes\meta-boxes.php:1549
[06-Dec-2019 18:24:04 UTC] PHP   5. WP_Hook->do_action() C:\Users\solid\Local Sites\wordpress-template\app\public\wp-includes\plugin.php:478
[06-Dec-2019 18:24:04 UTC] PHP   6. WP_Hook->apply_filters() C:\Users\solid\Local Sites\wordpress-template\app\public\wp-includes\class-wp-hook.php:312
[06-Dec-2019 18:24:04 UTC] PHP   7. ACF_Form_Post->add_meta_boxes() C:\Users\solid\Local Sites\wordpress-template\app\public\wp-includes\class-wp-hook.php:288
[06-Dec-2019 18:24:04 UTC] PHP   8. acf_get_field_groups() C:\Users\solid\Local Sites\wordpress-template\app\public\wp-content\plugins\advanced-custom-fields\includes\forms\form-post.php:86
[06-Dec-2019 18:24:04 UTC] PHP   9. acf_get_raw_field_groups() C:\Users\solid\Local Sites\wordpress-template\app\public\wp-content\plugins\advanced-custom-fields\includes\acf-field-group-functions.php:318
[06-Dec-2019 18:24:04 UTC] PHP  10. get_posts() C:\Users\solid\Local Sites\wordpress-template\app\public\wp-content\plugins\advanced-custom-fields\includes\acf-field-group-functions.php:364
[06-Dec-2019 18:24:04 UTC] PHP  11. WP_Query->query() C:\Users\solid\Local Sites\wordpress-template\app\public\wp-includes\post.php:2039
[06-Dec-2019 18:24:04 UTC] PHP  12. WP_Query->get_posts() C:\Users\solid\Local Sites\wordpress-template\app\public\wp-includes\class-wp-query.php:3413
[06-Dec-2019 18:24:04 UTC] PHP  13. do_action_ref_array() C:\Users\solid\Local Sites\wordpress-template\app\public\wp-includes\class-wp-query.php:1757
[06-Dec-2019 18:24:04 UTC] PHP  14. WP_Hook->do_action() C:\Users\solid\Local Sites\wordpress-template\app\public\wp-includes\plugin.php:544
[06-Dec-2019 18:24:04 UTC] PHP  15. WP_Hook->apply_filters() C:\Users\solid\Local Sites\wordpress-template\app\public\wp-includes\class-wp-hook.php:312
[06-Dec-2019 18:24:04 UTC] PHP Warning:  Cannot modify header information - headers already sent by (output started at C:\Users\solid\Local Sites\wordpress-template\app\public\wp-includes\class-wp-hook.php:288) in C:\Users\solid\Local Sites\wordpress-template\app\public\wp-admin\admin-header.php on line 9
[06-Dec-2019 18:24:04 UTC] PHP Stack trace:
[06-Dec-2019 18:24:04 UTC] PHP   1. {main}() C:\Users\solid\Local Sites\wordpress-template\app\public\wp-admin\post.php:0
[06-Dec-2019 18:24:04 UTC] PHP   2. include() C:\Users\solid\Local Sites\wordpress-template\app\public\wp-admin\post.php:198
[06-Dec-2019 18:24:04 UTC] PHP   3. require_once() C:\Users\solid\Local Sites\wordpress-template\app\public\wp-admin\edit-form-advanced.php:419
[06-Dec-2019 18:24:04 UTC] PHP   4. header() C:\Users\solid\Local Sites\wordpress-template\app\public\wp-admin\admin-header.php:9
[06-Dec-2019 18:24:04 UTC] PHP Warning:  Cannot modify header information - headers already sent by (output started at C:\Users\solid\Local Sites\wordpress-template\app\public\wp-includes\class-wp-hook.php:288) in C:\Users\solid\Local Sites\wordpress-template\app\public\wp-includes\option.php on line 958
[06-Dec-2019 18:24:04 UTC] PHP Stack trace:
[06-Dec-2019 18:24:04 UTC] PHP   1. {main}() C:\Users\solid\Local Sites\wordpress-template\app\public\wp-admin\post.php:0
[06-Dec-2019 18:24:04 UTC] PHP   2. include() C:\Users\solid\Local Sites\wordpress-template\app\public\wp-admin\post.php:198
[06-Dec-2019 18:24:04 UTC] PHP   3. require_once() C:\Users\solid\Local Sites\wordpress-template\app\public\wp-admin\edit-form-advanced.php:419
[06-Dec-2019 18:24:04 UTC] PHP   4. wp_user_settings() C:\Users\solid\Local Sites\wordpress-template\app\public\wp-admin\admin-header.php:70
[06-Dec-2019 18:24:04 UTC] PHP   5. setcookie() C:\Users\solid\Local Sites\wordpress-template\app\public\wp-includes\option.php:958
[06-Dec-2019 18:24:04 UTC] PHP Warning:  Cannot modify header information - headers already sent by (output started at C:\Users\solid\Local Sites\wordpress-template\app\public\wp-includes\class-wp-hook.php:288) in C:\Users\solid\Local Sites\wordpress-template\app\public\wp-includes\option.php on line 959
[06-Dec-2019 18:24:04 UTC] PHP Stack trace:
[06-Dec-2019 18:24:04 UTC] PHP   1. {main}() C:\Users\solid\Local Sites\wordpress-template\app\public\wp-admin\post.php:0
[06-Dec-2019 18:24:04 UTC] PHP   2. include() C:\Users\solid\Local Sites\wordpress-template\app\public\wp-admin\post.php:198
[06-Dec-2019 18:24:04 UTC] PHP   3. require_once() C:\Users\solid\Local Sites\wordpress-template\app\public\wp-admin\edit-form-advanced.php:419
[06-Dec-2019 18:24:04 UTC] PHP   4. wp_user_settings() C:\Users\solid\Local Sites\wordpress-template\app\public\wp-admin\admin-header.php:70
[06-Dec-2019 18:24:04 UTC] PHP   5. setcookie() C:\Users\solid\Local Sites\wordpress-template\app\public\wp-includes\option.php:959
[06-Dec-2019 18:24:04 UTC] PHP Warning:  call_user_func_array() expects parameter 1 to be a valid callback, function 'university_adjust_queries' not found or invalid function name in C:\Users\solid\Local Sites\wordpress-template\app\public\wp-includes\class-wp-hook.php on line 288
[06-Dec-2019 18:24:04 UTC] PHP Stack trace:
[06-Dec-2019 18:24:04 UTC] PHP   1. {main}() C:\Users\solid\Local Sites\wordpress-template\app\public\wp-admin\post.php:0
[06-Dec-2019 18:24:04 UTC] PHP   2. include() C:\Users\solid\Local Sites\wordpress-template\app\public\wp-admin\post.php:198
[06-Dec-2019 18:24:04 UTC] PHP   3. do_meta_boxes() C:\Users\solid\Local Sites\wordpress-template\app\public\wp-admin\edit-form-advanced.php:677
[06-Dec-2019 18:24:04 UTC] PHP   4. ACF_Form_Post->render_meta_box() C:\Users\solid\Local Sites\wordpress-template\app\public\wp-admin\includes\template.php:1343
[06-Dec-2019 18:24:04 UTC] PHP   5. acf_get_fields() C:\Users\solid\Local Sites\wordpress-template\app\public\wp-content\plugins\advanced-custom-fields\includes\forms\form-post.php:207
[06-Dec-2019 18:24:04 UTC] PHP   6. acf_get_raw_fields() C:\Users\solid\Local Sites\wordpress-template\app\public\wp-content\plugins\advanced-custom-fields\includes\acf-field-functions.php:361
[06-Dec-2019 18:24:04 UTC] PHP   7. get_posts() C:\Users\solid\Local Sites\wordpress-template\app\public\wp-content\plugins\advanced-custom-fields\includes\acf-field-functions.php:401
[06-Dec-2019 18:24:04 UTC] PHP   8. WP_Query->query() C:\Users\solid\Local Sites\wordpress-template\app\public\wp-includes\post.php:2039
[06-Dec-2019 18:24:04 UTC] PHP   9. WP_Query->get_posts() C:\Users\solid\Local Sites\wordpress-template\app\public\wp-includes\class-wp-query.php:3413
[06-Dec-2019 18:24:04 UTC] PHP  10. do_action_ref_array() C:\Users\solid\Local Sites\wordpress-template\app\public\wp-includes\class-wp-query.php:1757
[06-Dec-2019 18:24:04 UTC] PHP  11. WP_Hook->do_action() C:\Users\solid\Local Sites\wordpress-template\app\public\wp-includes\plugin.php:544
[06-Dec-2019 18:24:04 UTC] PHP  12. WP_Hook->apply_filters() C:\Users\solid\Local Sites\wordpress-template\app\public\wp-includes\class-wp-hook.php:312
[06-Dec-2019 18:27:35 UTC] PHP Parse error:  syntax error, unexpected ')' in C:\Users\solid\Local Sites\wordpress-template\app\public\wp-content\themes\wordpresstemplate\functions.php on line 18
[06-Dec-2019 18:27:35 UTC] PHP Parse error:  syntax error, unexpected ')' in C:\Users\solid\Local Sites\wordpress-template\app\public\wp-content\themes\wordpresstemplate\functions.php on line 18
[06-Dec-2019 19:28:51 UTC] PHP Fatal error:  Uncaught Error: Call to undefined function is_page_() in C:\Users\solid\Local Sites\wordpress-template\app\public\wp-content\themes\wordpresstemplate\header.php:21
Stack trace:
#0 C:\Users\solid\Local Sites\wordpress-template\app\public\wp-includes\template.php(722): require_once()
#1 C:\Users\solid\Local Sites\wordpress-template\app\public\wp-includes\template.php(671): load_template('C:\\Users\\solid\\...', true)
#2 C:\Users\solid\Local Sites\wordpress-template\app\public\wp-includes\general-template.php(41): locate_template(Array, true)
#3 C:\Users\solid\Local Sites\wordpress-template\app\public\wp-content\themes\wordpresstemplate\front-page.php(1): get_header()
#4 C:\Users\solid\Local Sites\wordpress-template\app\public\wp-includes\template-loader.php(98): include('C:\\Users\\solid\\...')
#5 C:\Users\solid\Local Sites\wordpress-template\app\public\wp-blog-header.php(19): require_once('C:\\Users\\solid\\...')
#6 C:\Users\solid\Local Sites\wordpress-template\app\public\index.php(17): require('C:\\Users\\sol in C:\Users\solid\Local Sites\wordpress-template\app\public\wp-content\themes\wordpresstemplate\header.php on line 21
[06-Dec-2019 19:28:51 UTC] PHP Fatal error:  Uncaught Error: Call to undefined function is_page_() in C:\Users\solid\Local Sites\wordpress-template\app\public\wp-content\themes\wordpresstemplate\header.php:21
Stack trace:
#0 C:\Users\solid\Local Sites\wordpress-template\app\public\wp-includes\template.php(722): require_once()
#1 C:\Users\solid\Local Sites\wordpress-template\app\public\wp-includes\template.php(671): load_template('C:\\Users\\solid\\...', true)
#2 C:\Users\solid\Local Sites\wordpress-template\app\public\wp-includes\general-template.php(41): locate_template(Array, true)
#3 C:\Users\solid\Local Sites\wordpress-template\app\public\wp-content\themes\wordpresstemplate\page-past-events.php(2): get_header()
#4 C:\Users\solid\Local Sites\wordpress-template\app\public\wp-includes\template-loader.php(98): include('C:\\Users\\solid\\...')
#5 C:\Users\solid\Local Sites\wordpress-template\app\public\wp-blog-header.php(19): require_once('C:\\Users\\solid\\...')
#6 C:\Users\solid\Local Sites\wordpress-template\app\public\index.php(17): require('C:\\User in C:\Users\solid\Local Sites\wordpress-template\app\public\wp-content\themes\wordpresstemplate\header.php on line 21
[09-Dec-2019 15:47:39 UTC] PHP Parse error:  syntax error, unexpected 'echo' (T_ECHO), expecting ',' or ';' in C:\Users\solid\Local Sites\wordpress-template\app\public\wp-content\themes\wordpresstemplate\single-event.php on line 27
[09-Dec-2019 15:48:16 UTC] PHP Parse error:  syntax error, unexpected 'echo' (T_ECHO), expecting ',' or ';' in C:\Users\solid\Local Sites\wordpress-template\app\public\wp-content\themes\wordpresstemplate\single-event.php on line 27
[09-Dec-2019 16:21:11 UTC] PHP Parse error:  syntax error, unexpected 'while' (T_WHILE), expecting ',' or ';' in C:\Users\solid\Local Sites\wordpress-template\app\public\wp-content\themes\wordpresstemplate\single-program.php on line 49
[09-Dec-2019 16:22:04 UTC] PHP Parse error:  syntax error, unexpected 'echo' (T_ECHO), expecting ',' or ';' in C:\Users\solid\Local Sites\wordpress-template\app\public\wp-content\themes\wordpresstemplate\single-program.php on line 48
[09-Dec-2019 16:26:09 UTC] PHP Parse error:  syntax error, unexpected 'echo' (T_ECHO) in C:\Users\solid\Local Sites\wordpress-template\app\public\wp-content\themes\wordpresstemplate\header.php on line 20
[09-Dec-2019 16:26:20 UTC] PHP Parse error:  syntax error, unexpected 'echo' (T_ECHO) in C:\Users\solid\Local Sites\wordpress-template\app\public\wp-content\themes\wordpresstemplate\header.php on line 20
[09-Dec-2019 21:23:14 UTC] PHP Fatal error:  Uncaught Error: Call to a member function have_posts() on null in C:\Users\solid\Local Sites\wordpress-template\app\public\wp-content\themes\wordpresstemplate\single-program.php:47
Stack trace:
#0 C:\Users\solid\Local Sites\wordpress-template\app\public\wp-includes\template-loader.php(98): include()
#1 C:\Users\solid\Local Sites\wordpress-template\app\public\wp-blog-header.php(19): require_once('C:\\Users\\solid\\...')
#2 C:\Users\solid\Local Sites\wordpress-template\app\public\index.php(17): require('C:\\Users\\solid\\...')
#3 {main}
  thrown in C:\Users\solid\Local Sites\wordpress-template\app\public\wp-content\themes\wordpresstemplate\single-program.php on line 47
[09-Dec-2019 21:24:18 UTC] PHP Fatal error:  Uncaught Error: Call to a member function have_posts() on null in C:\Users\solid\Local Sites\wordpress-template\app\public\wp-content\themes\wordpresstemplate\single-program.php:46
Stack trace:
#0 C:\Users\solid\Local Sites\wordpress-template\app\public\wp-includes\template-loader.php(98): include()
#1 C:\Users\solid\Local Sites\wordpress-template\app\public\wp-blog-header.php(19): require_once('C:\\Users\\solid\\...')
#2 C:\Users\solid\Local Sites\wordpress-template\app\public\index.php(17): require('C:\\Users\\solid\\...')
#3 {main}
  thrown in C:\Users\solid\Local Sites\wordpress-template\app\public\wp-content\themes\wordpresstemplate\single-program.php on line 46
[09-Dec-2019 21:24:53 UTC] PHP Fatal error:  Uncaught Error: Call to a member function have_posts() on null in C:\Users\solid\Local Sites\wordpress-template\app\public\wp-content\themes\wordpresstemplate\single-program.php:40
Stack trace:
#0 C:\Users\solid\Local Sites\wordpress-template\app\public\wp-includes\template-loader.php(98): include()
#1 C:\Users\solid\Local Sites\wordpress-template\app\public\wp-blog-header.php(19): require_once('C:\\Users\\solid\\...')
#2 C:\Users\solid\Local Sites\wordpress-template\app\public\index.php(17): require('C:\\Users\\solid\\...')
#3 {main}
  thrown in C:\Users\solid\Local Sites\wordpress-template\app\public\wp-content\themes\wordpresstemplate\single-program.php on line 40
[09-Dec-2019 21:25:04 UTC] PHP Fatal error:  Uncaught Error: Call to a member function have_posts() on null in C:\Users\solid\Local Sites\wordpress-template\app\public\wp-content\themes\wordpresstemplate\single-program.php:44
Stack trace:
#0 C:\Users\solid\Local Sites\wordpress-template\app\public\wp-includes\template-loader.php(98): include()
#1 C:\Users\solid\Local Sites\wordpress-template\app\public\wp-blog-header.php(19): require_once('C:\\Users\\solid\\...')
#2 C:\Users\solid\Local Sites\wordpress-template\app\public\index.php(17): require('C:\\Users\\solid\\...')
#3 {main}
  thrown in C:\Users\solid\Local Sites\wordpress-template\app\public\wp-content\themes\wordpresstemplate\single-program.php on line 44
[09-Dec-2019 21:54:52 UTC] PHP Parse error:  syntax error, unexpected '}' in C:\Users\solid\Local Sites\wordpress-template\app\public\wp-content\themes\wordpresstemplate\functions.php on line 14
[09-Dec-2019 21:54:52 UTC] PHP Parse error:  syntax error, unexpected '}' in C:\Users\solid\Local Sites\wordpress-template\app\public\wp-content\themes\wordpresstemplate\functions.php on line 14
[09-Dec-2019 21:54:52 UTC] PHP Parse error:  syntax error, unexpected '}' in C:\Users\solid\Local Sites\wordpress-template\app\public\wp-content\themes\wordpresstemplate\functions.php on line 14
[09-Dec-2019 22:00:25 UTC] PHP Warning:  Use of undefined constant the_post_thumbnail - assumed 'the_post_thumbnail' (this will throw an Error in a future version of PHP) in C:\Users\solid\Local Sites\wordpress-template\app\public\wp-content\themes\wordpresstemplate\single-professor.php on line 20
[09-Dec-2019 22:00:25 UTC] PHP Stack trace:
[09-Dec-2019 22:00:25 UTC] PHP   1. {main}() C:\Users\solid\Local Sites\wordpress-template\app\public\index.php:0
[09-Dec-2019 22:00:25 UTC] PHP   2. require() C:\Users\solid\Local Sites\wordpress-template\app\public\index.php:17
[09-Dec-2019 22:00:25 UTC] PHP   3. require_once() C:\Users\solid\Local Sites\wordpress-template\app\public\wp-blog-header.php:19
[09-Dec-2019 22:00:25 UTC] PHP   4. include() C:\Users\solid\Local Sites\wordpress-template\app\public\wp-includes\template-loader.php:98
[10-Dec-2019 16:17:54 UTC] PHP Parse error:  syntax error, unexpected '}' in C:\Users\solid\Local Sites\wordpress-template\app\public\wp-content\themes\wordpresstemplate\functions.php on line 15
[10-Dec-2019 16:18:25 UTC] PHP Parse error:  syntax error, unexpected '}' in C:\Users\solid\Local Sites\wordpress-template\app\public\wp-content\themes\wordpresstemplate\functions.php on line 15
[10-Dec-2019 16:39:50 UTC] PHP Fatal error:  Uncaught ArgumentCountError: Too few arguments to function pageBanner(), 0 passed in C:\Users\solid\Local Sites\wordpress-template\app\public\wp-content\themes\wordpresstemplate\page.php on line 5 and exactly 1 expected in C:\Users\solid\Local Sites\wordpress-template\app\public\wp-content\themes\wordpresstemplate\functions.php:3
Stack trace:
#0 C:\Users\solid\Local Sites\wordpress-template\app\public\wp-content\themes\wordpresstemplate\page.php(5): pageBanner()
#1 C:\Users\solid\Local Sites\wordpress-template\app\public\wp-includes\template-loader.php(98): include('C:\\Users\\solid\\...')
#2 C:\Users\solid\Local Sites\wordpress-template\app\public\wp-blog-header.php(19): require_once('C:\\Users\\solid\\...')
#3 C:\Users\solid\Local Sites\wordpress-template\app\public\index.php(17): require('C:\\Users\\solid\\...')
#4 {main}
  thrown in C:\Users\solid\Local Sites\wordpress-template\app\public\wp-content\themes\wordpresstemplate\functions.php on line 3
[11-Dec-2019 20:35:17 UTC] PHP Fatal error:  Uncaught Error: Call to undefined function page_banner() in C:\Users\solid\Local Sites\wordpress-template\app\public\wp-content\themes\wordpresstemplate\archive-program.php:3
Stack trace:
#0 C:\Users\solid\Local Sites\wordpress-template\app\public\wp-includes\template-loader.php(98): include()
#1 C:\Users\solid\Local Sites\wordpress-template\app\public\wp-blog-header.php(19): require_once('C:\\Users\\solid\\...')
#2 C:\Users\solid\Local Sites\wordpress-template\app\public\index.php(17): require('C:\\Users\\solid\\...')
#3 {main}
  thrown in C:\Users\solid\Local Sites\wordpress-template\app\public\wp-content\themes\wordpresstemplate\archive-program.php on line 3
[11-Dec-2019 20:35:19 UTC] PHP Fatal error:  Uncaught Error: Call to undefined function page_banner() in C:\Users\solid\Local Sites\wordpress-template\app\public\wp-content\themes\wordpresstemplate\archive-program.php:3
Stack trace:
#0 C:\Users\solid\Local Sites\wordpress-template\app\public\wp-includes\template-loader.php(98): include()
#1 C:\Users\solid\Local Sites\wordpress-template\app\public\wp-blog-header.php(19): require_once('C:\\Users\\solid\\...')
#2 C:\Users\solid\Local Sites\wordpress-template\app\public\index.php(17): require('C:\\Users\\solid\\...')
#3 {main}
  thrown in C:\Users\solid\Local Sites\wordpress-template\app\public\wp-content\themes\wordpresstemplate\archive-program.php on line 3
[12-Dec-2019 01:12:29 UTC] PHP Fatal error:  Uncaught Error: Call to undefined function get_post_type_archive() in C:\Users\solid\Local Sites\wordpress-template\app\public\wp-content\themes\wordpresstemplate\header.php:22
Stack trace:
#0 C:\Users\solid\Local Sites\wordpress-template\app\public\wp-includes\template.php(722): require_once()
#1 C:\Users\solid\Local Sites\wordpress-template\app\public\wp-includes\template.php(671): load_template('C:\\Users\\solid\\...', true)
#2 C:\Users\solid\Local Sites\wordpress-template\app\public\wp-includes\general-template.php(41): locate_template(Array, true)
#3 C:\Users\solid\Local Sites\wordpress-template\app\public\wp-content\themes\wordpresstemplate\archive-event.php(2): get_header()
#4 C:\Users\solid\Local Sites\wordpress-template\app\public\wp-includes\template-loader.php(98): include('C:\\Users\\solid\\...')
#5 C:\Users\solid\Local Sites\wordpress-template\app\public\wp-blog-header.php(19): require_once('C:\\Users\\solid\\...')
#6 C:\Users\solid\Local Sites\wordpress-template\app\public\index.php(17): require in C:\Users\solid\Local Sites\wordpress-template\app\public\wp-content\themes\wordpresstemplate\header.php on line 22
[12-Dec-2019 01:13:12 UTC] PHP Parse error:  syntax error, unexpected 'echo' (T_ECHO) in C:\Users\solid\Local Sites\wordpress-template\app\public\wp-content\themes\wordpresstemplate\header.php on line 22
[12-Dec-2019 01:15:53 UTC] PHP Parse error:  syntax error, unexpected 'echo' (T_ECHO) in C:\Users\solid\Local Sites\wordpress-template\app\public\wp-content\themes\wordpresstemplate\header.php on line 22
[12-Dec-2019 01:16:20 UTC] PHP Fatal error:  Uncaught Error: Call to undefined function get_post_type_archive() in C:\Users\solid\Local Sites\wordpress-template\app\public\wp-content\themes\wordpresstemplate\header.php:22
Stack trace:
#0 C:\Users\solid\Local Sites\wordpress-template\app\public\wp-includes\template.php(722): require_once()
#1 C:\Users\solid\Local Sites\wordpress-template\app\public\wp-includes\template.php(671): load_template('C:\\Users\\solid\\...', true)
#2 C:\Users\solid\Local Sites\wordpress-template\app\public\wp-includes\general-template.php(41): locate_template(Array, true)
#3 C:\Users\solid\Local Sites\wordpress-template\app\public\wp-content\themes\wordpresstemplate\archive-event.php(2): get_header()
#4 C:\Users\solid\Local Sites\wordpress-template\app\public\wp-includes\template-loader.php(98): include('C:\\Users\\solid\\...')
#5 C:\Users\solid\Local Sites\wordpress-template\app\public\wp-blog-header.php(19): require_once('C:\\Users\\solid\\...')
#6 C:\Users\solid\Local Sites\wordpress-template\app\public\index.php(17): require in C:\Users\solid\Local Sites\wordpress-template\app\public\wp-content\themes\wordpresstemplate\header.php on line 22
[12-Dec-2019 01:16:30 UTC] PHP Fatal error:  Uncaught Error: Call to undefined function get_post_type_archive() in C:\Users\solid\Local Sites\wordpress-template\app\public\wp-content\themes\wordpresstemplate\header.php:22
Stack trace:
#0 C:\Users\solid\Local Sites\wordpress-template\app\public\wp-includes\template.php(722): require_once()
#1 C:\Users\solid\Local Sites\wordpress-template\app\public\wp-includes\template.php(671): load_template('C:\\Users\\solid\\...', true)
#2 C:\Users\solid\Local Sites\wordpress-template\app\public\wp-includes\general-template.php(41): locate_template(Array, true)
#3 C:\Users\solid\Local Sites\wordpress-template\app\public\wp-content\themes\wordpresstemplate\archive-event.php(2): get_header()
#4 C:\Users\solid\Local Sites\wordpress-template\app\public\wp-includes\template-loader.php(98): include('C:\\Users\\solid\\...')
#5 C:\Users\solid\Local Sites\wordpress-template\app\public\wp-blog-header.php(19): require_once('C:\\Users\\solid\\...')
#6 C:\Users\solid\Local Sites\wordpress-template\app\public\index.php(17): require in C:\Users\solid\Local Sites\wordpress-template\app\public\wp-content\themes\wordpresstemplate\header.php on line 22
[12-Dec-2019 01:16:34 UTC] PHP Fatal error:  Uncaught Error: Call to undefined function get_post_type_archive() in C:\Users\solid\Local Sites\wordpress-template\app\public\wp-content\themes\wordpresstemplate\header.php:22
Stack trace:
#0 C:\Users\solid\Local Sites\wordpress-template\app\public\wp-includes\template.php(722): require_once()
#1 C:\Users\solid\Local Sites\wordpress-template\app\public\wp-includes\template.php(671): load_template('C:\\Users\\solid\\...', true)
#2 C:\Users\solid\Local Sites\wordpress-template\app\public\wp-includes\general-template.php(41): locate_template(Array, true)
#3 C:\Users\solid\Local Sites\wordpress-template\app\public\wp-content\themes\wordpresstemplate\archive-event.php(2): get_header()
#4 C:\Users\solid\Local Sites\wordpress-template\app\public\wp-includes\template-loader.php(98): include('C:\\Users\\solid\\...')
#5 C:\Users\solid\Local Sites\wordpress-template\app\public\wp-blog-header.php(19): require_once('C:\\Users\\solid\\...')
#6 C:\Users\solid\Local Sites\wordpress-template\app\public\index.php(17): require in C:\Users\solid\Local Sites\wordpress-template\app\public\wp-content\themes\wordpresstemplate\header.php on line 22
[12-Dec-2019 01:17:09 UTC] PHP Fatal error:  Uncaught Error: Call to undefined function get_post_type_archive() in C:\Users\solid\Local Sites\wordpress-template\app\public\wp-content\themes\wordpresstemplate\header.php:22
Stack trace:
#0 C:\Users\solid\Local Sites\wordpress-template\app\public\wp-includes\template.php(722): require_once()
#1 C:\Users\solid\Local Sites\wordpress-template\app\public\wp-includes\template.php(671): load_template('C:\\Users\\solid\\...', true)
#2 C:\Users\solid\Local Sites\wordpress-template\app\public\wp-includes\general-template.php(41): locate_template(Array, true)
#3 C:\Users\solid\Local Sites\wordpress-template\app\public\wp-content\themes\wordpresstemplate\archive-event.php(2): get_header()
#4 C:\Users\solid\Local Sites\wordpress-template\app\public\wp-includes\template-loader.php(98): include('C:\\Users\\solid\\...')
#5 C:\Users\solid\Local Sites\wordpress-template\app\public\wp-blog-header.php(19): require_once('C:\\Users\\solid\\...')
#6 C:\Users\solid\Local Sites\wordpress-template\app\public\index.php(17): require in C:\Users\solid\Local Sites\wordpress-template\app\public\wp-content\themes\wordpresstemplate\header.php on line 22
[12-Dec-2019 01:17:17 UTC] PHP Fatal error:  Uncaught Error: Call to undefined function get_post_type_archive() in C:\Users\solid\Local Sites\wordpress-template\app\public\wp-content\themes\wordpresstemplate\header.php:22
Stack trace:
#0 C:\Users\solid\Local Sites\wordpress-template\app\public\wp-includes\template.php(722): require_once()
#1 C:\Users\solid\Local Sites\wordpress-template\app\public\wp-includes\template.php(671): load_template('C:\\Users\\solid\\...', true)
#2 C:\Users\solid\Local Sites\wordpress-template\app\public\wp-includes\general-template.php(41): locate_template(Array, true)
#3 C:\Users\solid\Local Sites\wordpress-template\app\public\wp-content\themes\wordpresstemplate\front-page.php(1): get_header()
#4 C:\Users\solid\Local Sites\wordpress-template\app\public\wp-includes\template-loader.php(98): include('C:\\Users\\solid\\...')
#5 C:\Users\solid\Local Sites\wordpress-template\app\public\wp-blog-header.php(19): require_once('C:\\Users\\solid\\...')
#6 C:\Users\solid\Local Sites\wordpress-template\app\public\index.php(17): require('C in C:\Users\solid\Local Sites\wordpress-template\app\public\wp-content\themes\wordpresstemplate\header.php on line 22
[13-Dec-2019 01:15:21 UTC] PHP Warning:  Declaration of WP_CLI\UpgraderSkin::feedback($string) should be compatible with WP_Upgrader_Skin::feedback($string, ...$args) in phar://C:/Users/solid/AppData/Local/Programs/Local/resources/extraResources/site-binaries-win32/wp-cli/wp-cli.phar/vendor/wp-cli/wp-cli/php/WP_CLI/UpgraderSkin.php on line 0
[13-Dec-2019 01:15:21 UTC] PHP Stack trace:
[13-Dec-2019 01:15:21 UTC] PHP   1. {main}() C:\Users\solid\AppData\Local\Programs\Local\resources\extraResources\site-binaries-win32\wp-cli\wp-cli.phar:0
[13-Dec-2019 01:15:21 UTC] PHP   2. include() C:\Users\solid\AppData\Local\Programs\Local\resources\extraResources\site-binaries-win32\wp-cli\wp-cli.phar:4
[13-Dec-2019 01:15:21 UTC] PHP   3. include() phar://C:/Users/solid/AppData/Local/Programs/Local/resources/extraResources/site-binaries-win32/wp-cli/wp-cli.phar/php/boot-phar.php:11
[13-Dec-2019 01:15:21 UTC] PHP   4. WP_CLI\bootstrap() phar://C:/Users/solid/AppData/Local/Programs/Local/resources/extraResources/site-binaries-win32/wp-cli/wp-cli.phar/vendor/wp-cli/wp-cli/php/wp-cli.php:27
[13-Dec-2019 01:15:21 UTC] PHP   5. WP_CLI\Bootstrap\LaunchRunner->process() phar://C:/Users/solid/AppData/Local/Programs/Local/resources/extraResources/site-binaries-win32/wp-cli/wp-cli.phar/vendor/wp-cli/wp-cli/php/bootstrap.php:74
[13-Dec-2019 01:15:21 UTC] PHP   6. WP_CLI\Runner->start() phar://C:/Users/solid/AppData/Local/Programs/Local/resources/extraResources/site-binaries-win32/wp-cli/wp-cli.phar/vendor/wp-cli/wp-cli/php/WP_CLI/Bootstrap/LaunchRunner.php:23
[13-Dec-2019 01:15:21 UTC] PHP   7. WP_CLI\Runner->run_command_and_exit() phar://C:/Users/solid/AppData/Local/Programs/Local/resources/extraResources/site-binaries-win32/wp-cli/wp-cli.phar/vendor/wp-cli/wp-cli/php/WP_CLI/Runner.php:1132
[13-Dec-2019 01:15:21 UTC] PHP   8. WP_CLI\Runner->run_command() phar://C:/Users/solid/AppData/Local/Programs/Local/resources/extraResources/site-binaries-win32/wp-cli/wp-cli.phar/vendor/wp-cli/wp-cli/php/WP_CLI/Runner.php:394
[13-Dec-2019 01:15:21 UTC] PHP   9. WP_CLI\Dispatcher\Subcommand->invoke() phar://C:/Users/solid/AppData/Local/Programs/Local/resources/extraResources/site-binaries-win32/wp-cli/wp-cli.phar/vendor/wp-cli/wp-cli/php/WP_CLI/Runner.php:371
[13-Dec-2019 01:15:21 UTC] PHP  10. call_user_func:{phar://C:/Users/solid/AppData/Local/Programs/Local/resources/extraResources/site-binaries-win32/wp-cli/wp-cli.phar/vendor/wp-cli/wp-cli/php/WP_CLI/Dispatcher/Subcommand.php:451}() phar://C:/Users/solid/AppData/Local/Programs/Local/resources/extraResources/site-binaries-win32/wp-cli/wp-cli.phar/vendor/wp-cli/wp-cli/php/WP_CLI/Dispatcher/Subcommand.php:451
[13-Dec-2019 01:15:21 UTC] PHP  11. WP_CLI\Dispatcher\CommandFactory::WP_CLI\Dispatcher\{closure:phar://C:/Users/solid/AppData/Local/Programs/Local/resources/extraResources/site-binaries-win32/wp-cli/wp-cli.phar/vendor/wp-cli/wp-cli/php/WP_CLI/Dispatcher/CommandFactory.php:95-102}() phar://C:/Users/solid/AppData/Local/Programs/Local/resources/extraResources/site-binaries-win32/wp-cli/wp-cli.phar/vendor/wp-cli/wp-cli/php/WP_CLI/Dispatcher/Subcommand.php:451
[13-Dec-2019 01:15:21 UTC] PHP  12. call_user_func:{phar://C:/Users/solid/AppData/Local/Programs/Local/resources/extraResources/site-binaries-win32/wp-cli/wp-cli.phar/vendor/wp-cli/wp-cli/php/WP_CLI/Dispatcher/CommandFactory.php:98}() phar://C:/Users/solid/AppData/Local/Programs/Local/resources/extraResources/site-binaries-win32/wp-cli/wp-cli.phar/vendor/wp-cli/wp-cli/php/WP_CLI/Dispatcher/CommandFactory.php:98
[13-Dec-2019 01:15:21 UTC] PHP  13. Core_Command->update() phar://C:/Users/solid/AppData/Local/Programs/Local/resources/extraResources/site-binaries-win32/wp-cli/wp-cli.phar/vendor/wp-cli/wp-cli/php/WP_CLI/Dispatcher/CommandFactory.php:98
[13-Dec-2019 01:15:21 UTC] PHP  14. WP_CLI\Utils\get_upgrader() phar://C:/Users/solid/AppData/Local/Programs/Local/resources/extraResources/site-binaries-win32/wp-cli/wp-cli.phar/vendor/wp-cli/core-command/src/Core_Command.php:1111
[13-Dec-2019 01:15:21 UTC] PHP  15. spl_autoload_call() phar://C:/Users/solid/AppData/Local/Programs/Local/resources/extraResources/site-binaries-win32/wp-cli/wp-cli.phar/vendor/wp-cli/wp-cli/php/utils-wp.php:138
[13-Dec-2019 01:15:21 UTC] PHP  16. Composer\Autoload\ClassLoader->loadClass() phar://C:/Users/solid/AppData/Local/Programs/Local/resources/extraResources/site-binaries-win32/wp-cli/wp-cli.phar/vendor/wp-cli/wp-cli/php/utils-wp.php:138
[13-Dec-2019 01:15:21 UTC] PHP  17. Composer\Autoload\includeFile() phar://C:/Users/solid/AppData/Local/Programs/Local/resources/extraResources/site-binaries-win32/wp-cli/wp-cli.phar/vendor/composer/ClassLoader.php:322
[14-Dec-2019 00:43:23 UTC] PHP Parse error:  syntax error, unexpected '}', expecting ',' or ';' in C:\Users\solid\Local Sites\wordpress-template\app\public\wp-content\themes\wordpresstemplate\single-program.php on line 92
